<?xml version="1.0" encoding="UTF-8"?>
<!-- Generated by org.testng.reporters.JUnitReportReporter -->
<testsuite skipped="0" hostname="Krishna-S-Machine" name="com.influents.maintestcases.CheckingTestDate" tests="1" failures="0" timestamp="03 Jan 2020 22:14:24 GMT" time="11.569" errors="0">
  <testcase name="checkingDateTest" time="11.569" classname="com.influents.maintestcases.CheckingTestDate"/>
</testsuite> <!-- com.influents.maintestcases.CheckingTestDate -->
