<?xml version="1.0" encoding="UTF-8"?>
<!-- Generated by org.testng.reporters.JUnitReportReporter -->
<testsuite skipped="0" hostname="Krishna-S-Machine" name="com.influents.maintestcases.SnapCast_CardView_NewCard" tests="1" failures="0" timestamp="03 Jun 2019 23:07:13 GMT" time="45.616" errors="0">
  <testcase name="creatingCard_NewCard" time="45.616" classname="com.influents.maintestcases.SnapCast_CardView_NewCard"/>
</testsuite> <!-- com.influents.maintestcases.SnapCast_CardView_NewCard -->
