<?xml version="1.0" encoding="UTF-8"?>
<!-- Generated by org.testng.reporters.JUnitReportReporter -->
<testsuite skipped="0" hostname="Krishna-S-Machine" name="com.influents.maintestcases.Login_NegativeTestCase" tests="1" failures="0" timestamp="03 Jun 2019 23:05:43 GMT" time="176.164" errors="0">
  <testcase name="negative_LoginTestcase" time="176.164" classname="com.influents.maintestcases.Login_NegativeTestCase"/>
</testsuite> <!-- com.influents.maintestcases.Login_NegativeTestCase -->
