<?xml version="1.0" encoding="UTF-8"?>
<!-- Generated by org.testng.reporters.JUnitReportReporter -->
<testsuite skipped="0" hostname="Krishna-S-Machine" name="com.influents.maintestcases.UpworkTestDemo" tests="1" failures="0" timestamp="02 Dec 2019 08:50:14 GMT" time="42.683" errors="0">
  <testcase name="upworktestde" time="42.683" classname="com.influents.maintestcases.UpworkTestDemo"/>
</testsuite> <!-- com.influents.maintestcases.UpworkTestDemo -->
