<?xml version="1.0" encoding="UTF-8"?>
<!-- Generated by org.testng.reporters.JUnitReportReporter -->
<testsuite skipped="0" hostname="Krishna-S-Machine" name="com.influents.maintestcases.SendSnap_SpecificAudience" tests="1" failures="0" timestamp="03 Jun 2019 23:07:13 GMT" time="181.603" errors="0">
  <testcase name="pushtoSpecificAudienceTest" time="181.603" classname="com.influents.maintestcases.SendSnap_SpecificAudience"/>
</testsuite> <!-- com.influents.maintestcases.SendSnap_SpecificAudience -->
