<?xml version="1.0" encoding="UTF-8"?>
<!-- Generated by org.testng.reporters.JUnitReportReporter -->
<testsuite skipped="0" hostname="Krishna-S-Machine" name="com.influents.maintestcases.SnapCastToEveryone_PushNotification" tests="1" failures="0" timestamp="03 Jun 2019 23:07:13 GMT" time="32.535" errors="0">
  <testcase name="snapCast_PushToeveryone" time="32.535" classname="com.influents.maintestcases.SnapCastToEveryone_PushNotification"/>
</testsuite> <!-- com.influents.maintestcases.SnapCastToEveryone_PushNotification -->
